This file contains any messages produced by compilers while
running configure, to aid debugging if configure makes a mistake.

It was created by configure, which was
generated by GNU Autoconf 2.59.  Invocation command line was

  $ ./configure 

## --------- ##
## Platform. ##
## --------- ##

hostname = gentoo
uname -m = i686
uname -r = 2.6.15-gentoo-r1
uname -s = Linux
uname -v = #1 SMP PREEMPT Wed Feb 15 15:48:50 CET 2006

/usr/bin/uname -p = Intel(R) Pentium(R) 4 CPU 3.40GHz
/bin/uname -X     = unknown

/bin/arch              = i686
/usr/bin/arch -k       = unknown
/usr/convex/getsysinfo = unknown
hostinfo               = unknown
/bin/machine           = unknown
/usr/bin/oslevel       = unknown
/bin/universe          = unknown

PATH: /usr/local/bin
PATH: /usr/bin
PATH: /bin
PATH: /opt/bin
PATH: /usr/i386-pc-linux-gnu/gcc-bin/3.3.5-20050130
PATH: /usr/qt/3/bin
PATH: /usr/kde/3.4/bin
PATH: /usr/games/bin


## ----------- ##
## Core tests. ##
## ----------- ##

configure:1538: checking for a BSD-compatible install
configure:1593: result: /usr/bin/install -c
configure:1604: checking whether build environment is sane
configure:1647: result: yes
configure:1712: checking for gawk
configure:1728: found /usr/bin/gawk
configure:1738: result: gawk
configure:1748: checking whether make sets $(MAKE)
configure:1768: result: yes
configure:1938: checking whether to enable maintainer-specific portions of Makefiles
configure:1947: result: no
configure:1975: checking for style of include used by make
configure:2003: result: GNU
configure:2074: checking for gcc
configure:2090: found /usr/bin/gcc
configure:2100: result: gcc
configure:2344: checking for C compiler version
configure:2347: gcc --version </dev/null >&5
gcc (GCC) 3.3.5-20050130 (Gentoo 3.3.5.20050130-r1, ssp-3.3.5.20050130-1, pie-8.7.7.1)
Copyright (C) 2003 Free Software Foundation, Inc.
This is free software; see the source for copying conditions.  There is NO
warranty; not even for MERCHANTABILITY or FITNESS FOR A PARTICULAR PURPOSE.

configure:2350: $? = 0
configure:2352: gcc -v </dev/null >&5
Reading specs from /usr/lib/gcc-lib/i386-pc-linux-gnu/3.3.5-20050130/specs
Configured with: /var/tmp/portage/gcc-3.3.5.20050130-r1/work/gcc-3.3.5/configure --enable-version-specific-runtime-libs --prefix=/usr --bindir=/usr/i386-pc-linux-gnu/gcc-bin/3.3.5-20050130 --includedir=/usr/lib/gcc-lib/i386-pc-linux-gnu/3.3.5-20050130/include --datadir=/usr/share/gcc-data/i386-pc-linux-gnu/3.3.5-20050130 --mandir=/usr/share/gcc-data/i386-pc-linux-gnu/3.3.5-20050130/man --infodir=/usr/share/gcc-data/i386-pc-linux-gnu/3.3.5-20050130/info --with-gxx-include-dir=/usr/lib/gcc-lib/i386-pc-linux-gnu/3.3.5-20050130/include/g++-v3 --host=i386-pc-linux-gnu --build=i386-pc-linux-gnu --disable-altivec --enable-nls --without-included-gettext --with-system-zlib --disable-checking --disable-werror --disable-libunwind-exceptions --disable-multilib --disable-libgcj --enable-languages=c,c++,f77 --enable-shared --enable-threads=posix --enable-__cxa_atexit --enable-clocale=gnu
Thread model: posix
gcc version 3.3.5-20050130 (Gentoo 3.3.5.20050130-r1, ssp-3.3.5.20050130-1, pie-8.7.7.1)
configure:2355: $? = 0
configure:2357: gcc -V </dev/null >&5
gcc: `-V' option must have argument
configure:2360: $? = 1
configure:2383: checking for C compiler default output file name
configure:2386: gcc    conftest.c  >&5
configure:2389: $? = 0
configure:2435: result: a.out
configure:2440: checking whether the C compiler works
configure:2446: ./a.out
configure:2449: $? = 0
configure:2466: result: yes
configure:2473: checking whether we are cross compiling
configure:2475: result: no
configure:2478: checking for suffix of executables
configure:2480: gcc -o conftest    conftest.c  >&5
configure:2483: $? = 0
configure:2508: result: 
configure:2514: checking for suffix of object files
configure:2535: gcc -c   conftest.c >&5
configure:2538: $? = 0
configure:2560: result: o
configure:2564: checking whether we are using the GNU C compiler
configure:2588: gcc -c   conftest.c >&5
configure:2594: $? = 0
configure:2598: test -z 
			 || test ! -s conftest.err
configure:2601: $? = 0
configure:2604: test -s conftest.o
configure:2607: $? = 0
configure:2620: result: yes
configure:2626: checking whether gcc accepts -g
configure:2647: gcc -c -g  conftest.c >&5
configure:2653: $? = 0
configure:2657: test -z 
			 || test ! -s conftest.err
configure:2660: $? = 0
configure:2663: test -s conftest.o
configure:2666: $? = 0
configure:2677: result: yes
configure:2694: checking for gcc option to accept ANSI C
configure:2764: gcc  -c -g -O2  conftest.c >&5
configure:2770: $? = 0
configure:2774: test -z 
			 || test ! -s conftest.err
configure:2777: $? = 0
configure:2780: test -s conftest.o
configure:2783: $? = 0
configure:2801: result: none needed
configure:2819: gcc -c -g -O2  conftest.c >&5
conftest.c:2: error: syntax error before "me"
configure:2825: $? = 1
configure: failed program was:
| #ifndef __cplusplus
|   choke me
| #endif
configure:2960: checking dependency style of gcc
configure:3050: result: gcc3
configure:3068: checking for library containing strerror
configure:3098: gcc -o conftest -g -O2   conftest.c  >&5
configure:3104: $? = 0
configure:3108: test -z 
			 || test ! -s conftest.err
configure:3111: $? = 0
configure:3114: test -s conftest
configure:3117: $? = 0
configure:3187: result: none required
configure:3240: checking for gcc
configure:3266: result: gcc
configure:3510: checking for C compiler version
configure:3513: gcc --version </dev/null >&5
gcc (GCC) 3.3.5-20050130 (Gentoo 3.3.5.20050130-r1, ssp-3.3.5.20050130-1, pie-8.7.7.1)
Copyright (C) 2003 Free Software Foundation, Inc.
This is free software; see the source for copying conditions.  There is NO
warranty; not even for MERCHANTABILITY or FITNESS FOR A PARTICULAR PURPOSE.

configure:3516: $? = 0
configure:3518: gcc -v </dev/null >&5
Reading specs from /usr/lib/gcc-lib/i386-pc-linux-gnu/3.3.5-20050130/specs
Configured with: /var/tmp/portage/gcc-3.3.5.20050130-r1/work/gcc-3.3.5/configure --enable-version-specific-runtime-libs --prefix=/usr --bindir=/usr/i386-pc-linux-gnu/gcc-bin/3.3.5-20050130 --includedir=/usr/lib/gcc-lib/i386-pc-linux-gnu/3.3.5-20050130/include --datadir=/usr/share/gcc-data/i386-pc-linux-gnu/3.3.5-20050130 --mandir=/usr/share/gcc-data/i386-pc-linux-gnu/3.3.5-20050130/man --infodir=/usr/share/gcc-data/i386-pc-linux-gnu/3.3.5-20050130/info --with-gxx-include-dir=/usr/lib/gcc-lib/i386-pc-linux-gnu/3.3.5-20050130/include/g++-v3 --host=i386-pc-linux-gnu --build=i386-pc-linux-gnu --disable-altivec --enable-nls --without-included-gettext --with-system-zlib --disable-checking --disable-werror --disable-libunwind-exceptions --disable-multilib --disable-libgcj --enable-languages=c,c++,f77 --enable-shared --enable-threads=posix --enable-__cxa_atexit --enable-clocale=gnu
Thread model: posix
gcc version 3.3.5-20050130 (Gentoo 3.3.5.20050130-r1, ssp-3.3.5.20050130-1, pie-8.7.7.1)
configure:3521: $? = 0
configure:3523: gcc -V </dev/null >&5
gcc: `-V' option must have argument
configure:3526: $? = 1
configure:3529: checking whether we are using the GNU C compiler
configure:3585: result: yes
configure:3591: checking whether gcc accepts -g
configure:3642: result: yes
configure:3659: checking for gcc option to accept ANSI C
configure:3766: result: none needed
configure:3784: gcc -c -g -O2  conftest.c >&5
conftest.c:2: error: syntax error before "me"
configure:3790: $? = 1
configure: failed program was:
| #ifndef __cplusplus
|   choke me
| #endif
configure:3925: checking dependency style of gcc
configure:4015: result: gcc3
configure:4078: checking for gcc
configure:4104: result: gcc
configure:4348: checking for C compiler version
configure:4351: gcc --version </dev/null >&5
gcc (GCC) 3.3.5-20050130 (Gentoo 3.3.5.20050130-r1, ssp-3.3.5.20050130-1, pie-8.7.7.1)
Copyright (C) 2003 Free Software Foundation, Inc.
This is free software; see the source for copying conditions.  There is NO
warranty; not even for MERCHANTABILITY or FITNESS FOR A PARTICULAR PURPOSE.

configure:4354: $? = 0
configure:4356: gcc -v </dev/null >&5
Reading specs from /usr/lib/gcc-lib/i386-pc-linux-gnu/3.3.5-20050130/specs
Configured with: /var/tmp/portage/gcc-3.3.5.20050130-r1/work/gcc-3.3.5/configure --enable-version-specific-runtime-libs --prefix=/usr --bindir=/usr/i386-pc-linux-gnu/gcc-bin/3.3.5-20050130 --includedir=/usr/lib/gcc-lib/i386-pc-linux-gnu/3.3.5-20050130/include --datadir=/usr/share/gcc-data/i386-pc-linux-gnu/3.3.5-20050130 --mandir=/usr/share/gcc-data/i386-pc-linux-gnu/3.3.5-20050130/man --infodir=/usr/share/gcc-data/i386-pc-linux-gnu/3.3.5-20050130/info --with-gxx-include-dir=/usr/lib/gcc-lib/i386-pc-linux-gnu/3.3.5-20050130/include/g++-v3 --host=i386-pc-linux-gnu --build=i386-pc-linux-gnu --disable-altivec --enable-nls --without-included-gettext --with-system-zlib --disable-checking --disable-werror --disable-libunwind-exceptions --disable-multilib --disable-libgcj --enable-languages=c,c++,f77 --enable-shared --enable-threads=posix --enable-__cxa_atexit --enable-clocale=gnu
Thread model: posix
gcc version 3.3.5-20050130 (Gentoo 3.3.5.20050130-r1, ssp-3.3.5.20050130-1, pie-8.7.7.1)
configure:4359: $? = 0
configure:4361: gcc -V </dev/null >&5
gcc: `-V' option must have argument
configure:4364: $? = 1
configure:4367: checking whether we are using the GNU C compiler
configure:4423: result: yes
configure:4429: checking whether gcc accepts -g
configure:4480: result: yes
configure:4497: checking for gcc option to accept ANSI C
configure:4604: result: none needed
configure:4622: gcc -c -g -O2  conftest.c >&5
conftest.c:2: error: syntax error before "me"
configure:4628: $? = 1
configure: failed program was:
| #ifndef __cplusplus
|   choke me
| #endif
configure:4763: checking dependency style of gcc
configure:4853: result: gcc3
configure:4878: checking how to run the C preprocessor
configure:4913: gcc -E  conftest.c
configure:4919: $? = 0
configure:4951: gcc -E  conftest.c
conftest.c:11:28: ac_nonexistent.h: No such file or directory
configure:4957: $? = 1
configure: failed program was:
| /* confdefs.h.  */
| 
| #define PACKAGE_NAME ""
| #define PACKAGE_TARNAME ""
| #define PACKAGE_VERSION ""
| #define PACKAGE_STRING ""
| #define PACKAGE_BUGREPORT ""
| #define PACKAGE "Deflate"
| #define VERSION "1.0"
| /* end confdefs.h.  */
| #include <ac_nonexistent.h>
configure:4996: result: gcc -E
configure:5020: gcc -E  conftest.c
configure:5026: $? = 0
configure:5058: gcc -E  conftest.c
conftest.c:11:28: ac_nonexistent.h: No such file or directory
configure:5064: $? = 1
configure: failed program was:
| /* confdefs.h.  */
| 
| #define PACKAGE_NAME ""
| #define PACKAGE_TARNAME ""
| #define PACKAGE_VERSION ""
| #define PACKAGE_STRING ""
| #define PACKAGE_BUGREPORT ""
| #define PACKAGE "Deflate"
| #define VERSION "1.0"
| /* end confdefs.h.  */
| #include <ac_nonexistent.h>
configure:5108: checking for egrep
configure:5118: result: grep -E
configure:5123: checking for ANSI C header files
configure:5148: gcc -c -g -O2  conftest.c >&5
configure:5154: $? = 0
configure:5158: test -z 
			 || test ! -s conftest.err
configure:5161: $? = 0
configure:5164: test -s conftest.o
configure:5167: $? = 0
configure:5256: gcc -o conftest -g -O2   conftest.c  >&5
configure:5259: $? = 0
configure:5261: ./conftest
configure:5264: $? = 0
configure:5279: result: yes
configure:5295: checking how to run the C preprocessor
configure:5413: result: gcc -E
configure:5437: gcc -E  conftest.c
configure:5443: $? = 0
configure:5475: gcc -E  conftest.c
conftest.c:12:28: ac_nonexistent.h: No such file or directory
configure:5481: $? = 1
configure: failed program was:
| /* confdefs.h.  */
| 
| #define PACKAGE_NAME ""
| #define PACKAGE_TARNAME ""
| #define PACKAGE_VERSION ""
| #define PACKAGE_STRING ""
| #define PACKAGE_BUGREPORT ""
| #define PACKAGE "Deflate"
| #define VERSION "1.0"
| #define STDC_HEADERS 1
| /* end confdefs.h.  */
| #include <ac_nonexistent.h>
configure:5576: checking for g++
configure:5592: found /usr/bin/g++
configure:5602: result: g++
configure:5618: checking for C++ compiler version
configure:5621: g++ --version </dev/null >&5
g++ (GCC) 3.3.5-20050130 (Gentoo 3.3.5.20050130-r1, ssp-3.3.5.20050130-1, pie-8.7.7.1)
Copyright (C) 2003 Free Software Foundation, Inc.
This is free software; see the source for copying conditions.  There is NO
warranty; not even for MERCHANTABILITY or FITNESS FOR A PARTICULAR PURPOSE.

configure:5624: $? = 0
configure:5626: g++ -v </dev/null >&5
Reading specs from /usr/lib/gcc-lib/i386-pc-linux-gnu/3.3.5-20050130/specs
Configured with: /var/tmp/portage/gcc-3.3.5.20050130-r1/work/gcc-3.3.5/configure --enable-version-specific-runtime-libs --prefix=/usr --bindir=/usr/i386-pc-linux-gnu/gcc-bin/3.3.5-20050130 --includedir=/usr/lib/gcc-lib/i386-pc-linux-gnu/3.3.5-20050130/include --datadir=/usr/share/gcc-data/i386-pc-linux-gnu/3.3.5-20050130 --mandir=/usr/share/gcc-data/i386-pc-linux-gnu/3.3.5-20050130/man --infodir=/usr/share/gcc-data/i386-pc-linux-gnu/3.3.5-20050130/info --with-gxx-include-dir=/usr/lib/gcc-lib/i386-pc-linux-gnu/3.3.5-20050130/include/g++-v3 --host=i386-pc-linux-gnu --build=i386-pc-linux-gnu --disable-altivec --enable-nls --without-included-gettext --with-system-zlib --disable-checking --disable-werror --disable-libunwind-exceptions --disable-multilib --disable-libgcj --enable-languages=c,c++,f77 --enable-shared --enable-threads=posix --enable-__cxa_atexit --enable-clocale=gnu
Thread model: posix
gcc version 3.3.5-20050130 (Gentoo 3.3.5.20050130-r1, ssp-3.3.5.20050130-1, pie-8.7.7.1)
configure:5629: $? = 0
configure:5631: g++ -V </dev/null >&5
g++: `-V' option must have argument
configure:5634: $? = 1
configure:5637: checking whether we are using the GNU C++ compiler
configure:5661: g++ -c   conftest.cc >&5
configure:5667: $? = 0
configure:5671: test -z 
			 || test ! -s conftest.err
configure:5674: $? = 0
configure:5677: test -s conftest.o
configure:5680: $? = 0
configure:5693: result: yes
configure:5699: checking whether g++ accepts -g
configure:5720: g++ -c -g  conftest.cc >&5
configure:5726: $? = 0
configure:5730: test -z 
			 || test ! -s conftest.err
configure:5733: $? = 0
configure:5736: test -s conftest.o
configure:5739: $? = 0
configure:5750: result: yes
configure:5792: g++ -c -g -O2  conftest.cc >&5
configure:5798: $? = 0
configure:5802: test -z 
			 || test ! -s conftest.err
configure:5805: $? = 0
configure:5808: test -s conftest.o
configure:5811: $? = 0
configure:5837: g++ -c -g -O2  conftest.cc >&5
conftest.cc: In function `int main()':
conftest.cc:16: error: `exit' undeclared (first use this function)
conftest.cc:16: error: (Each undeclared identifier is reported only once for 
   each function it appears in.)
configure:5843: $? = 1
configure: failed program was:
| /* confdefs.h.  */
| 
| #define PACKAGE_NAME ""
| #define PACKAGE_TARNAME ""
| #define PACKAGE_VERSION ""
| #define PACKAGE_STRING ""
| #define PACKAGE_BUGREPORT ""
| #define PACKAGE "Deflate"
| #define VERSION "1.0"
| #define STDC_HEADERS 1
| /* end confdefs.h.  */
| 
| int
| main ()
| {
| exit (42);
|   ;
|   return 0;
| }
configure:5792: g++ -c -g -O2  conftest.cc >&5
configure:5798: $? = 0
configure:5802: test -z 
			 || test ! -s conftest.err
configure:5805: $? = 0
configure:5808: test -s conftest.o
configure:5811: $? = 0
configure:5837: g++ -c -g -O2  conftest.cc >&5
configure:5843: $? = 0
configure:5847: test -z 
			 || test ! -s conftest.err
configure:5850: $? = 0
configure:5853: test -s conftest.o
configure:5856: $? = 0
configure:5881: checking dependency style of g++
configure:5971: result: gcc3
configure:6012: checking for sys/types.h
configure:6028: gcc -c -g -O2  conftest.c >&5
configure:6034: $? = 0
configure:6038: test -z 
			 || test ! -s conftest.err
configure:6041: $? = 0
configure:6044: test -s conftest.o
configure:6047: $? = 0
configure:6058: result: yes
configure:6012: checking for sys/stat.h
configure:6028: gcc -c -g -O2  conftest.c >&5
configure:6034: $? = 0
configure:6038: test -z 
			 || test ! -s conftest.err
configure:6041: $? = 0
configure:6044: test -s conftest.o
configure:6047: $? = 0
configure:6058: result: yes
configure:6012: checking for stdlib.h
configure:6028: gcc -c -g -O2  conftest.c >&5
configure:6034: $? = 0
configure:6038: test -z 
			 || test ! -s conftest.err
configure:6041: $? = 0
configure:6044: test -s conftest.o
configure:6047: $? = 0
configure:6058: result: yes
configure:6012: checking for string.h
configure:6028: gcc -c -g -O2  conftest.c >&5
configure:6034: $? = 0
configure:6038: test -z 
			 || test ! -s conftest.err
configure:6041: $? = 0
configure:6044: test -s conftest.o
configure:6047: $? = 0
configure:6058: result: yes
configure:6012: checking for memory.h
configure:6028: gcc -c -g -O2  conftest.c >&5
configure:6034: $? = 0
configure:6038: test -z 
			 || test ! -s conftest.err
configure:6041: $? = 0
configure:6044: test -s conftest.o
configure:6047: $? = 0
configure:6058: result: yes
configure:6012: checking for strings.h
configure:6028: gcc -c -g -O2  conftest.c >&5
configure:6034: $? = 0
configure:6038: test -z 
			 || test ! -s conftest.err
configure:6041: $? = 0
configure:6044: test -s conftest.o
configure:6047: $? = 0
configure:6058: result: yes
configure:6012: checking for inttypes.h
configure:6028: gcc -c -g -O2  conftest.c >&5
configure:6034: $? = 0
configure:6038: test -z 
			 || test ! -s conftest.err
configure:6041: $? = 0
configure:6044: test -s conftest.o
configure:6047: $? = 0
configure:6058: result: yes
configure:6012: checking for stdint.h
configure:6028: gcc -c -g -O2  conftest.c >&5
configure:6034: $? = 0
configure:6038: test -z 
			 || test ! -s conftest.err
configure:6041: $? = 0
configure:6044: test -s conftest.o
configure:6047: $? = 0
configure:6058: result: yes
configure:6012: checking for unistd.h
configure:6028: gcc -c -g -O2  conftest.c >&5
configure:6034: $? = 0
configure:6038: test -z 
			 || test ! -s conftest.err
configure:6041: $? = 0
configure:6044: test -s conftest.o
configure:6047: $? = 0
configure:6058: result: yes
configure:6085: checking locale.h usability
configure:6097: gcc -c -g -O2  conftest.c >&5
configure:6103: $? = 0
configure:6107: test -z 
			 || test ! -s conftest.err
configure:6110: $? = 0
configure:6113: test -s conftest.o
configure:6116: $? = 0
configure:6126: result: yes
configure:6130: checking locale.h presence
configure:6140: gcc -E  conftest.c
configure:6146: $? = 0
configure:6166: result: yes
configure:6201: checking for locale.h
configure:6208: result: yes
configure:6222: checking for LC_MESSAGES
configure:6243: gcc -o conftest -g -O2   conftest.c  >&5
configure:6249: $? = 0
configure:6253: test -z 
			 || test ! -s conftest.err
configure:6256: $? = 0
configure:6259: test -s conftest
configure:6262: $? = 0
configure:6274: result: yes
configure:6303: checking libintl.h usability
configure:6315: gcc -c -g -O2  conftest.c >&5
configure:6321: $? = 0
configure:6325: test -z 
			 || test ! -s conftest.err
configure:6328: $? = 0
configure:6331: test -s conftest.o
configure:6334: $? = 0
configure:6344: result: yes
configure:6348: checking libintl.h presence
configure:6358: gcc -E  conftest.c
configure:6364: $? = 0
configure:6384: result: yes
configure:6419: checking for libintl.h
configure:6426: result: yes
configure:6437: checking for ngettext in libc
configure:6460: gcc -o conftest -g -O2   conftest.c  >&5
configure:6466: $? = 0
configure:6470: test -z 
			 || test ! -s conftest.err
configure:6473: $? = 0
configure:6476: test -s conftest
configure:6479: $? = 0
configure:6492: result: yes
configure:6496: checking for dgettext in libc
configure:6519: gcc -o conftest -g -O2   conftest.c  >&5
configure:6525: $? = 0
configure:6529: test -z 
			 || test ! -s conftest.err
configure:6532: $? = 0
configure:6535: test -s conftest
configure:6538: $? = 0
configure:6551: result: yes
configure:6560: checking for bind_textdomain_codeset
configure:6617: gcc -o conftest -g -O2   conftest.c  >&5
configure:6623: $? = 0
configure:6627: test -z 
			 || test ! -s conftest.err
configure:6630: $? = 0
configure:6633: test -s conftest
configure:6636: $? = 0
configure:6648: result: yes
configure:7158: checking for msgfmt
configure:7185: result: /usr/bin/msgfmt
configure:7198: checking for dcgettext
configure:7255: gcc -o conftest -g -O2   conftest.c   >&5
configure:7261: $? = 0
configure:7265: test -z 
			 || test ! -s conftest.err
configure:7268: $? = 0
configure:7271: test -s conftest
configure:7274: $? = 0
configure:7286: result: yes
configure:7298: checking for gmsgfmt
configure:7316: found /usr/bin/gmsgfmt
configure:7329: result: /usr/bin/gmsgfmt
configure:7338: checking for xgettext
configure:7365: result: /usr/bin/xgettext
configure:7389: gcc -o conftest -g -O2   conftest.c   >&5
configure:7395: $? = 0
configure:7399: test -z 
			 || test ! -s conftest.err
configure:7402: $? = 0
configure:7405: test -s conftest
configure:7408: $? = 0
configure:7717: checking build system type
configure:7735: result: i686-pc-linux-gnu
configure:7743: checking host system type
configure:7757: result: i686-pc-linux-gnu
configure:7765: checking for a sed that does not truncate output
configure:7819: result: /usr/bin/sed
configure:7833: checking for ld used by gcc
configure:7900: result: /usr/i386-pc-linux-gnu/bin/ld
configure:7909: checking if the linker (/usr/i386-pc-linux-gnu/bin/ld) is GNU ld
configure:7924: result: yes
configure:7929: checking for /usr/i386-pc-linux-gnu/bin/ld option to reload object files
configure:7936: result: -r
configure:7954: checking for BSD-compatible nm
configure:7996: result: /usr/bin/nm -B
configure:8000: checking whether ln -s works
configure:8004: result: yes
configure:8011: checking how to recognise dependent libraries
configure:8183: result: pass_all
configure:8314: gcc -c -g -O2  conftest.c >&5
configure:8317: $? = 0
configure:8423: checking dlfcn.h usability
configure:8435: gcc -c -g -O2  conftest.c >&5
configure:8441: $? = 0
configure:8445: test -z 
			 || test ! -s conftest.err
configure:8448: $? = 0
configure:8451: test -s conftest.o
configure:8454: $? = 0
configure:8464: result: yes
configure:8468: checking dlfcn.h presence
configure:8478: gcc -E  conftest.c
configure:8484: $? = 0
configure:8504: result: yes
configure:8539: checking for dlfcn.h
configure:8546: result: yes
configure:8569: checking how to run the C++ preprocessor
configure:8600: g++ -E  conftest.cc
configure:8606: $? = 0
configure:8638: g++ -E  conftest.cc
conftest.cc:32:28: ac_nonexistent.h: No such file or directory
configure:8644: $? = 1
configure: failed program was:
| /* confdefs.h.  */
| 
| #define PACKAGE_NAME ""
| #define PACKAGE_TARNAME ""
| #define PACKAGE_VERSION ""
| #define PACKAGE_STRING ""
| #define PACKAGE_BUGREPORT ""
| #define PACKAGE "Deflate"
| #define VERSION "1.0"
| #define STDC_HEADERS 1
| #ifdef __cplusplus
| extern "C" void std::exit (int) throw (); using std::exit;
| #endif
| #define GETTEXT_PACKAGE "Deflate"
| #define HAVE_SYS_TYPES_H 1
| #define HAVE_SYS_STAT_H 1
| #define HAVE_STDLIB_H 1
| #define HAVE_STRING_H 1
| #define HAVE_MEMORY_H 1
| #define HAVE_STRINGS_H 1
| #define HAVE_INTTYPES_H 1
| #define HAVE_STDINT_H 1
| #define HAVE_UNISTD_H 1
| #define HAVE_LOCALE_H 1
| #define HAVE_LC_MESSAGES 1
| #define HAVE_BIND_TEXTDOMAIN_CODESET 1
| #define HAVE_GETTEXT 1
| #define HAVE_DCGETTEXT 1
| #define ENABLE_NLS 1
| #define HAVE_DLFCN_H 1
| /* end confdefs.h.  */
| #include <ac_nonexistent.h>
configure:8683: result: g++ -E
configure:8707: g++ -E  conftest.cc
configure:8713: $? = 0
configure:8745: g++ -E  conftest.cc
conftest.cc:32:28: ac_nonexistent.h: No such file or directory
configure:8751: $? = 1
configure: failed program was:
| /* confdefs.h.  */
| 
| #define PACKAGE_NAME ""
| #define PACKAGE_TARNAME ""
| #define PACKAGE_VERSION ""
| #define PACKAGE_STRING ""
| #define PACKAGE_BUGREPORT ""
| #define PACKAGE "Deflate"
| #define VERSION "1.0"
| #define STDC_HEADERS 1
| #ifdef __cplusplus
| extern "C" void std::exit (int) throw (); using std::exit;
| #endif
| #define GETTEXT_PACKAGE "Deflate"
| #define HAVE_SYS_TYPES_H 1
| #define HAVE_SYS_STAT_H 1
| #define HAVE_STDLIB_H 1
| #define HAVE_STRING_H 1
| #define HAVE_MEMORY_H 1
| #define HAVE_STRINGS_H 1
| #define HAVE_INTTYPES_H 1
| #define HAVE_STDINT_H 1
| #define HAVE_UNISTD_H 1
| #define HAVE_LOCALE_H 1
| #define HAVE_LC_MESSAGES 1
| #define HAVE_BIND_TEXTDOMAIN_CODESET 1
| #define HAVE_GETTEXT 1
| #define HAVE_DCGETTEXT 1
| #define ENABLE_NLS 1
| #define HAVE_DLFCN_H 1
| /* end confdefs.h.  */
| #include <ac_nonexistent.h>
configure:8848: checking for g77
configure:8864: found /usr/bin/g77
configure:8874: result: g77
configure:8889: checking for Fortran 77 compiler version
configure:8892: g77 --version </dev/null >&5
GNU Fortran (GCC) 3.3.5-20050130 (Gentoo 3.3.5.20050130-r1, ssp-3.3.5.20050130-1, pie-8.7.7.1)
Copyright (C) 2002 Free Software Foundation, Inc.

GNU Fortran comes with NO WARRANTY, to the extent permitted by law.
You may redistribute copies of GNU Fortran
under the terms of the GNU General Public License.
For more information about these matters, see the file named COPYING
or type the command `info -f g77 Copying'.
configure:8895: $? = 0
configure:8897: g77 -v </dev/null >&5
Reading specs from /usr/lib/gcc-lib/i386-pc-linux-gnu/3.3.5-20050130/specs
Configured with: /var/tmp/portage/gcc-3.3.5.20050130-r1/work/gcc-3.3.5/configure --enable-version-specific-runtime-libs --prefix=/usr --bindir=/usr/i386-pc-linux-gnu/gcc-bin/3.3.5-20050130 --includedir=/usr/lib/gcc-lib/i386-pc-linux-gnu/3.3.5-20050130/include --datadir=/usr/share/gcc-data/i386-pc-linux-gnu/3.3.5-20050130 --mandir=/usr/share/gcc-data/i386-pc-linux-gnu/3.3.5-20050130/man --infodir=/usr/share/gcc-data/i386-pc-linux-gnu/3.3.5-20050130/info --with-gxx-include-dir=/usr/lib/gcc-lib/i386-pc-linux-gnu/3.3.5-20050130/include/g++-v3 --host=i386-pc-linux-gnu --build=i386-pc-linux-gnu --disable-altivec --enable-nls --without-included-gettext --with-system-zlib --disable-checking --disable-werror --disable-libunwind-exceptions --disable-multilib --disable-libgcj --enable-languages=c,c++,f77 --enable-shared --enable-threads=posix --enable-__cxa_atexit --enable-clocale=gnu
Thread model: posix
gcc version 3.3.5-20050130 (Gentoo 3.3.5.20050130-r1, ssp-3.3.5.20050130-1, pie-8.7.7.1)
configure:8900: $? = 0
configure:8902: g77 -V </dev/null >&5
g77: `-V' option must have argument
configure:8905: $? = 1
configure:8913: checking whether we are using the GNU Fortran 77 compiler
configure:8927: g77 -c  conftest.F >&5
configure:8933: $? = 0
configure:8937: test -z 
			 || test ! -s conftest.err
configure:8940: $? = 0
configure:8943: test -s conftest.o
configure:8946: $? = 0
configure:8959: result: yes
configure:8965: checking whether g77 accepts -g
configure:8977: g77 -c -g conftest.f >&5
configure:8983: $? = 0
configure:8987: test -z 
			 || test ! -s conftest.err
configure:8990: $? = 0
configure:8993: test -s conftest.o
configure:8996: $? = 0
configure:9008: result: yes
configure:9038: checking the maximum length of command line arguments
configure:9130: result: 32768
configure:9141: checking command to parse /usr/bin/nm -B output from gcc object
configure:9237: gcc -c -g -O2  conftest.c >&5
configure:9240: $? = 0
configure:9244: /usr/bin/nm -B conftest.o \| sed -n -e 's/^.*[ 	]\([ABCDGIRSTW][ABCDGIRSTW]*\)[ 	][ 	]*\([_A-Za-z][_A-Za-z0-9]*\)$/\1 \2 \2/p' \> conftest.nm
configure:9247: $? = 0
configure:9299: gcc -o conftest -g -O2   conftest.c conftstm.o >&5
configure:9302: $? = 0
configure:9340: result: ok
configure:9344: checking for objdir
configure:9359: result: .libs
configure:9449: checking for ar
configure:9465: found /usr/bin/ar
configure:9476: result: ar
configure:9529: checking for ranlib
configure:9545: found /usr/bin/ranlib
configure:9556: result: ranlib
configure:9609: checking for strip
configure:9625: found /usr/bin/strip
configure:9636: result: strip
configure:9858: checking for correct ltmain.sh version
configure:9888: result: yes
configure:9964: checking if gcc static flag  works
configure:9992: result: yes
configure:10010: checking if gcc supports -fno-rtti -fno-exceptions
configure:10028: gcc -c -g -O2  -fno-rtti -fno-exceptions conftest.c >&5
cc1: warning: "-fno-rtti" is valid for C++ but not for C/ObjC
configure:10032: $? = 0
configure:10045: result: no
configure:10060: checking for gcc option to produce PIC
configure:10264: result: -fPIC
configure:10272: checking if gcc PIC flag -fPIC works
configure:10290: gcc -c -g -O2  -fPIC -DPIC conftest.c >&5
configure:10294: $? = 0
configure:10307: result: yes
configure:10331: checking if gcc supports -c -o file.o
configure:10352: gcc -c -g -O2  -o out/conftest2.o conftest.c >&5
configure:10356: $? = 0
configure:10378: result: yes
configure:10404: checking whether the gcc linker (/usr/i386-pc-linux-gnu/bin/ld) supports shared libraries
configure:11300: result: yes
configure:11326: checking whether -lc should be explicitly linked in
configure:11331: gcc -c -g -O2  conftest.c >&5
configure:11334: $? = 0
configure:11348: gcc -shared conftest.o  -v -Wl,-soname -Wl,conftest -o conftest 2\>\&1 \| grep  -lc  \>/dev/null 2\>\&1
configure:11351: $? = 0
configure:11363: result: no
configure:11371: checking dynamic linker characteristics
configure:11972: result: GNU/Linux ld.so
configure:11976: checking how to hardcode library paths into programs
configure:12001: result: immediate
configure:12015: checking whether stripping libraries is possible
configure:12020: result: yes
configure:12850: checking if libtool supports shared libraries
configure:12852: result: yes
configure:12855: checking whether to build shared libraries
configure:12876: result: yes
configure:12879: checking whether to build static libraries
configure:12883: result: yes
configure:12975: creating libtool
configure:13553: checking for ld used by g++
configure:13620: result: /usr/i386-pc-linux-gnu/bin/ld
configure:13629: checking if the linker (/usr/i386-pc-linux-gnu/bin/ld) is GNU ld
configure:13644: result: yes
configure:13695: checking whether the g++ linker (/usr/i386-pc-linux-gnu/bin/ld) supports shared libraries
configure:14582: result: yes
configure:14600: g++ -c -g -O2  conftest.cc >&5
configure:14603: $? = 0
configure:14699: checking for g++ option to produce PIC
configure:14967: result: -fPIC
configure:14975: checking if g++ PIC flag -fPIC works
configure:14993: g++ -c -g -O2  -fPIC -DPIC conftest.cc >&5
configure:14997: $? = 0
configure:15010: result: yes
configure:15034: checking if g++ supports -c -o file.o
configure:15055: g++ -c -g -O2  -o out/conftest2.o conftest.cc >&5
configure:15059: $? = 0
configure:15081: result: yes
configure:15107: checking whether the g++ linker (/usr/i386-pc-linux-gnu/bin/ld) supports shared libraries
configure:15132: result: yes
configure:15203: checking dynamic linker characteristics
configure:15804: result: GNU/Linux ld.so
configure:15808: checking how to hardcode library paths into programs
configure:15833: result: immediate
configure:15847: checking whether stripping libraries is possible
configure:15852: result: yes
configure:17188: checking if libtool supports shared libraries
configure:17190: result: yes
configure:17193: checking whether to build shared libraries
configure:17213: result: yes
configure:17216: checking whether to build static libraries
configure:17220: result: yes
configure:17232: checking for g77 option to produce PIC
configure:17436: result: -fPIC
configure:17444: checking if g77 PIC flag -fPIC works
configure:17462: g77 -c -g -O2 -fPIC conftest.f >&5
configure:17466: $? = 0
configure:17479: result: yes
configure:17503: checking if g77 supports -c -o file.o
configure:17524: g77 -c -g -O2 -o out/conftest2.o conftest.f >&5
configure:17528: $? = 0
configure:17550: result: yes
configure:17576: checking whether the g77 linker (/usr/i386-pc-linux-gnu/bin/ld) supports shared libraries
configure:18452: result: yes
configure:18523: checking dynamic linker characteristics
configure:19124: result: GNU/Linux ld.so
configure:19128: checking how to hardcode library paths into programs
configure:19153: result: immediate
configure:19167: checking whether stripping libraries is possible
configure:19172: result: yes
configure:23689: creating ./config.status

## ---------------------- ##
## Running config.status. ##
## ---------------------- ##

This file was extended by config.status, which was
generated by GNU Autoconf 2.59.  Invocation command line was

  CONFIG_FILES    = 
  CONFIG_HEADERS  = 
  CONFIG_LINKS    = 
  CONFIG_COMMANDS = 
  $ ./config.status 

on gentoo

config.status:748: creating Makefile
config.status:748: creating po/Makefile.in
config.status:748: creating include/Makefile
config.status:748: creating src/Makefile
config.status:852: creating config.h
config.status:988: config.h is unchanged
config.status:1168: executing depfiles commands
config.status:1168: executing default-1 commands

## ---------------- ##
## Cache variables. ##
## ---------------- ##

ac_cv_build=i686-pc-linux-gnu
ac_cv_build_alias=i686-pc-linux-gnu
ac_cv_c_compiler_gnu=yes
ac_cv_cxx_compiler_gnu=yes
ac_cv_env_CC_set=
ac_cv_env_CC_value=
ac_cv_env_CFLAGS_set=
ac_cv_env_CFLAGS_value=
ac_cv_env_CPPFLAGS_set=
ac_cv_env_CPPFLAGS_value=
ac_cv_env_CPP_set=
ac_cv_env_CPP_value=
ac_cv_env_CXXCPP_set=
ac_cv_env_CXXCPP_value=
ac_cv_env_CXXFLAGS_set=
ac_cv_env_CXXFLAGS_value=
ac_cv_env_CXX_set=
ac_cv_env_CXX_value=
ac_cv_env_F77_set=
ac_cv_env_F77_value=
ac_cv_env_FFLAGS_set=
ac_cv_env_FFLAGS_value=
ac_cv_env_LDFLAGS_set=
ac_cv_env_LDFLAGS_value=
ac_cv_env_build_alias_set=
ac_cv_env_build_alias_value=
ac_cv_env_host_alias_set=
ac_cv_env_host_alias_value=
ac_cv_env_target_alias_set=
ac_cv_env_target_alias_value=
ac_cv_exeext=
ac_cv_f77_compiler_gnu=yes
ac_cv_func_bind_textdomain_codeset=yes
ac_cv_func_dcgettext=yes
ac_cv_header_dlfcn_h=yes
ac_cv_header_inttypes_h=yes
ac_cv_header_libintl_h=yes
ac_cv_header_locale_h=yes
ac_cv_header_memory_h=yes
ac_cv_header_stdc=yes
ac_cv_header_stdint_h=yes
ac_cv_header_stdlib_h=yes
ac_cv_header_string_h=yes
ac_cv_header_strings_h=yes
ac_cv_header_sys_stat_h=yes
ac_cv_header_sys_types_h=yes
ac_cv_header_unistd_h=yes
ac_cv_host=i686-pc-linux-gnu
ac_cv_host_alias=i686-pc-linux-gnu
ac_cv_objext=o
ac_cv_path_GMSGFMT=/usr/bin/gmsgfmt
ac_cv_path_MSGFMT=/usr/bin/msgfmt
ac_cv_path_XGETTEXT=/usr/bin/xgettext
ac_cv_path_install='/usr/bin/install -c'
ac_cv_prog_AWK=gawk
ac_cv_prog_CPP='gcc -E'
ac_cv_prog_CXXCPP='g++ -E'
ac_cv_prog_ac_ct_AR=ar
ac_cv_prog_ac_ct_CC=gcc
ac_cv_prog_ac_ct_CXX=g++
ac_cv_prog_ac_ct_F77=g77
ac_cv_prog_ac_ct_RANLIB=ranlib
ac_cv_prog_ac_ct_STRIP=strip
ac_cv_prog_cc_g=yes
ac_cv_prog_cc_stdc=
ac_cv_prog_cxx_g=yes
ac_cv_prog_egrep='grep -E'
ac_cv_prog_f77_g=yes
ac_cv_prog_make_make_set=yes
ac_cv_search_strerror='none required'
am_cv_CC_dependencies_compiler_type=gcc3
am_cv_CXX_dependencies_compiler_type=gcc3
am_cv_prog_cc_stdc=
am_cv_val_LC_MESSAGES=yes
gt_cv_func_dgettext_libc=yes
gt_cv_func_dgettext_libintl=no
gt_cv_func_ngettext_libc=yes
gt_cv_have_gettext=yes
lt_cv_cc_64bit_output=no
lt_cv_deplibs_check_method=pass_all
lt_cv_file_magic_cmd='$MAGIC_CMD'
lt_cv_file_magic_test_file=
lt_cv_ld_reload_flag=-r
lt_cv_objdir=.libs
lt_cv_path_LD=/usr/i386-pc-linux-gnu/bin/ld
lt_cv_path_LDCXX=/usr/i386-pc-linux-gnu/bin/ld
lt_cv_path_NM='/usr/bin/nm -B'
lt_cv_path_SED=/usr/bin/sed
lt_cv_prog_compiler_c_o=yes
lt_cv_prog_compiler_c_o_CXX=yes
lt_cv_prog_compiler_c_o_F77=yes
lt_cv_prog_compiler_rtti_exceptions=no
lt_cv_prog_gnu_ld=yes
lt_cv_prog_gnu_ldcxx=yes
lt_cv_sys_global_symbol_pipe='sed -n -e '\''s/^.*[ 	]\([ABCDGIRSTW][ABCDGIRSTW]*\)[ 	][ 	]*\([_A-Za-z][_A-Za-z0-9]*\)$/\1 \2 \2/p'\'''
lt_cv_sys_global_symbol_to_c_name_address='sed -n -e '\''s/^: \([^ ]*\) $/  {\"\1\", (lt_ptr) 0},/p'\'' -e '\''s/^[BCDEGRST] \([^ ]*\) \([^ ]*\)$/  {"\2", (lt_ptr) \&\2},/p'\'''
lt_cv_sys_global_symbol_to_cdecl='sed -n -e '\''s/^. .* \(.*\)$/extern int \1;/p'\'''
lt_cv_sys_max_cmd_len=32768
lt_lt_cv_prog_compiler_c_o='"yes"'
lt_lt_cv_prog_compiler_c_o_CXX='"yes"'
lt_lt_cv_prog_compiler_c_o_F77='"yes"'
lt_lt_cv_sys_global_symbol_pipe='"sed -n -e '\''s/^.*[ 	]\\([ABCDGIRSTW][ABCDGIRSTW]*\\)[ 	][ 	]*\\([_A-Za-z][_A-Za-z0-9]*\\)\$/\\1 \\2 \\2/p'\''"'
lt_lt_cv_sys_global_symbol_to_c_name_address='"sed -n -e '\''s/^: \\([^ ]*\\) \$/  {\\\"\\1\\\", (lt_ptr) 0},/p'\'' -e '\''s/^[BCDEGRST] \\([^ ]*\\) \\([^ ]*\\)\$/  {\"\\2\", (lt_ptr) \\&\\2},/p'\''"'
lt_lt_cv_sys_global_symbol_to_cdecl='"sed -n -e '\''s/^. .* \\(.*\\)\$/extern int \\1;/p'\''"'

## ----------------- ##
## Output variables. ##
## ----------------- ##

ACLOCAL='${SHELL} /home/dclignez/Projects/Deflate/missing --run aclocal-1.9'
AMDEPBACKSLASH='\'
AMDEP_FALSE='#'
AMDEP_TRUE=''
AMTAR='${SHELL} /home/dclignez/Projects/Deflate/missing --run tar'
AR='ar'
AUTOCONF='${SHELL} /home/dclignez/Projects/Deflate/missing --run autoconf'
AUTOHEADER='${SHELL} /home/dclignez/Projects/Deflate/missing --run autoheader'
AUTOMAKE='${SHELL} /home/dclignez/Projects/Deflate/missing --run automake-1.9'
AWK='gawk'
CATALOGS=''
CATOBJEXT='.gmo'
CC='gcc'
CCDEPMODE='depmode=gcc3'
CFLAGS='-g -O2'
CPP='gcc -E'
CPPFLAGS=''
CXX='g++'
CXXCPP='g++ -E'
CXXDEPMODE='depmode=gcc3'
CXXFLAGS='-g -O2'
CYGPATH_W='echo'
DATADIRNAME='share'
DEFS='-DHAVE_CONFIG_H'
DEPDIR='.deps'
ECHO='echo'
ECHO_C=''
ECHO_N='-n'
ECHO_T=''
EGREP='grep -E'
EXEEXT=''
F77='g77'
FFLAGS='-g -O2'
GETTEXT_PACKAGE='Deflate'
GMOFILES=''
GMSGFMT='/usr/bin/gmsgfmt'
INSTALL_DATA='${INSTALL} -m 644'
INSTALL_PROGRAM='${INSTALL}'
INSTALL_SCRIPT='${INSTALL}'
INSTALL_STRIP_PROGRAM='${SHELL} $(install_sh) -c -s'
INSTOBJEXT='.mo'
INTLLIBS=''
LDFLAGS=''
LIBOBJS=''
LIBS=''
LIBTOOL='$(SHELL) $(top_builddir)/libtool'
LN_S='ln -s'
LTLIBOBJS=''
MAINT='#'
MAINTAINER_MODE_FALSE=''
MAINTAINER_MODE_TRUE='#'
MAKEINFO='${SHELL} /home/dclignez/Projects/Deflate/missing --run makeinfo'
MKINSTALLDIRS='./mkinstalldirs'
MSGFMT='/usr/bin/msgfmt'
NO_PREFIX_PACKAGE_DATA_DIR='share'
NO_PREFIX_PACKAGE_DOC_DIR='doc/Deflate'
NO_PREFIX_PACKAGE_HELP_DIR='share/help'
NO_PREFIX_PACKAGE_MENU_DIR='share'
NO_PREFIX_PACKAGE_PIXMAPS_DIR='share/pixmaps'
OBJEXT='o'
PACKAGE='Deflate'
PACKAGE_BUGREPORT=''
PACKAGE_DATA_DIR='/usr/local/share'
PACKAGE_DOC_DIR='/usr/local/doc/Deflate'
PACKAGE_HELP_DIR='/usr/local/share/help'
PACKAGE_MENU_DIR='/usr/local/share'
PACKAGE_NAME=''
PACKAGE_PIXMAPS_DIR='/usr/local/share/pixmaps'
PACKAGE_STRING=''
PACKAGE_TARNAME=''
PACKAGE_VERSION=''
PATH_SEPARATOR=':'
POFILES=''
POSUB='po'
PO_IN_DATADIR_FALSE=''
PO_IN_DATADIR_TRUE=''
RANLIB='ranlib'
SET_MAKE=''
SHELL='/bin/sh'
STRIP='strip'
USE_NLS='yes'
VERSION='1.0'
XGETTEXT='/usr/bin/xgettext'
ac_ct_AR='ar'
ac_ct_CC='gcc'
ac_ct_CXX='g++'
ac_ct_F77='g77'
ac_ct_RANLIB='ranlib'
ac_ct_STRIP='strip'
am__fastdepCC_FALSE='#'
am__fastdepCC_TRUE=''
am__fastdepCXX_FALSE='#'
am__fastdepCXX_TRUE=''
am__include='include'
am__leading_dot='.'
am__quote=''
am__tar='${AMTAR} chof - "$$tardir"'
am__untar='${AMTAR} xf -'
bindir='${exec_prefix}/bin'
build='i686-pc-linux-gnu'
build_alias=''
build_cpu='i686'
build_os='linux-gnu'
build_vendor='pc'
datadir='${prefix}/share'
exec_prefix='${prefix}'
host='i686-pc-linux-gnu'
host_alias=''
host_cpu='i686'
host_os='linux-gnu'
host_vendor='pc'
includedir='${prefix}/include'
infodir='${prefix}/info'
install_sh='/home/dclignez/Projects/Deflate/install-sh'
libdir='${exec_prefix}/lib'
libexecdir='${exec_prefix}/libexec'
localstatedir='${prefix}/var'
mandir='${prefix}/man'
mkdir_p='mkdir -p --'
oldincludedir='/usr/include'
prefix='/usr/local'
program_transform_name='s,x,x,'
sbindir='${exec_prefix}/sbin'
sharedstatedir='${prefix}/com'
sysconfdir='${prefix}/etc'
target_alias=''

## ----------- ##
## confdefs.h. ##
## ----------- ##

#define ENABLE_NLS 1
#define GETTEXT_PACKAGE "Deflate"
#define HAVE_BIND_TEXTDOMAIN_CODESET 1
#define HAVE_DCGETTEXT 1
#define HAVE_DLFCN_H 1
#define HAVE_GETTEXT 1
#define HAVE_INTTYPES_H 1
#define HAVE_LC_MESSAGES 1
#define HAVE_LOCALE_H 1
#define HAVE_MEMORY_H 1
#define HAVE_STDINT_H 1
#define HAVE_STDLIB_H 1
#define HAVE_STRINGS_H 1
#define HAVE_STRING_H 1
#define HAVE_SYS_STAT_H 1
#define HAVE_SYS_TYPES_H 1
#define HAVE_UNISTD_H 1
#define PACKAGE "Deflate"
#define PACKAGE_BUGREPORT ""
#define PACKAGE_DATA_DIR "/usr/local/share"
#define PACKAGE_DOC_DIR "/usr/local/doc/Deflate"
#define PACKAGE_HELP_DIR "/usr/local/share/help"
#define PACKAGE_LOCALE_DIR "/usr/local/share/locale"
#define PACKAGE_MENU_DIR "/usr/local/share"
#define PACKAGE_NAME ""
#define PACKAGE_PIXMAPS_DIR "/usr/local/share/pixmaps"
#define PACKAGE_SOURCE_DIR "/home/dclignez/Projects/Deflate"
#define PACKAGE_STRING ""
#define PACKAGE_TARNAME ""
#define PACKAGE_VERSION ""
#define STDC_HEADERS 1
#define VERSION "1.0"
#endif
#ifdef __cplusplus
extern "C" void std::exit (int) throw (); using std::exit;

configure: exit 0
